<?xml version="1.0" encoding="UTF-8"?>
<!-- Generated by org.testng.reporters.JUnitReportReporter -->
<testsuite hostname="Iakov" name="ru.telran.sel.LoginTest" tests="1" failures="0" timestamp="19 Aug 2014 08:50:29 GMT" time="12.744" errors="0">
  <testcase name="loginTest" time="12.744" classname="ru.telran.sel.LoginTest"/>
</testsuite> <!-- ru.telran.sel.LoginTest -->
