<?xml version="1.0" encoding="UTF-8"?>
<!-- Generated by org.testng.reporters.JUnitReportReporter -->
<testsuite hostname="Iakov" name="ru.telran.sel.LoginTests" tests="4" failures="0" timestamp="31 Aug 2014 09:35:27 GMT" time="10.124" errors="0">
  <testcase name="loginNegTest" time="1.758" classname="ru.telran.sel.LoginTests"/>
  <testcase name="loginNegTest" time="4.774" classname="ru.telran.sel.LoginTests"/>
  <testcase name="loginNegTest" time="1.861" classname="ru.telran.sel.LoginTests"/>
  <testcase name="loginNegTest" time="1.731" classname="ru.telran.sel.LoginTests"/>
</testsuite> <!-- ru.telran.sel.LoginTests -->
