<?xml version="1.0" encoding="UTF-8"?>
<!-- Generated by org.testng.reporters.JUnitReportReporter -->
<testsuite hostname="user-PC" name="ru.telran.sel.RegistTest" tests="1" failures="0" timestamp="26 Aug 2014 07:49:13 GMT" time="11.319" errors="0">
  <testcase name="testRegistr1" time="11.319" classname="ru.telran.sel.RegistTest"/>
</testsuite> <!-- ru.telran.sel.RegistTest -->
