<?xml version="1.0" encoding="UTF-8"?>
<!-- Generated by org.testng.reporters.JUnitReportReporter -->
<testsuite hostname="Evgeniya-ПК" name="ru.telran.sel.WriteToUs" tests="1" failures="0" timestamp="26 Aug 2014 07:50:19 GMT" time="13.287" errors="0">
  <testcase name="testWU1" time="13.287" classname="ru.telran.sel.WriteToUs"/>
</testsuite> <!-- ru.telran.sel.WriteToUs -->
