<?xml version="1.0" encoding="UTF-8"?>
<!-- Generated by org.testng.reporters.JUnitReportReporter -->
<testsuite hostname="Iakov" name="ru.telran.sel.LoginTest" tests="2" failures="0" timestamp="19 Aug 2014 09:38:10 GMT" time="49.146" errors="0">
  <testcase name="loginVoidTest" time="32.119" classname="ru.telran.sel.LoginTest"/>
  <testcase name="loginTest" time="17.027" classname="ru.telran.sel.LoginTest"/>
</testsuite> <!-- ru.telran.sel.LoginTest -->
