<?xml version="1.0" encoding="UTF-8"?>
<!-- Generated by org.testng.reporters.JUnitReportReporter -->
<testsuite hostname="Iakov" name="ru.telran.sel.TestLogin" tests="1" failures="0" timestamp="19 Aug 2014 06:29:12 GMT" time="4.675" errors="0">
  <testcase name="testLogin" time="4.675" classname="ru.telran.sel.TestLogin"/>
</testsuite> <!-- ru.telran.sel.TestLogin -->
