<?xml version="1.0" encoding="UTF-8"?>
<!-- Generated by org.testng.reporters.JUnitReportReporter -->
<testsuite hostname="Iakov" name="ru.telran.sel.TestLogin" tests="1" failures="0" timestamp="17 Aug 2014 08:48:03 GMT" time="3.641" errors="0">
  <testcase name="testLogin" time="3.641" classname="ru.telran.sel.TestLogin"/>
</testsuite> <!-- ru.telran.sel.TestLogin -->
