<?xml version="1.0" encoding="UTF-8"?>
<!-- Generated by org.testng.reporters.JUnitReportReporter -->
<testsuite hostname="Iakov" name="ru.telran.sel.pages.HomePageTest" tests="2" failures="0" timestamp="17 Aug 2014 08:40:41 GMT" time="0.078" errors="0">
  <testcase name="testH1Existing" time="0.062" classname="ru.telran.sel.pages.HomePageTest"/>
  <testcase name="test2" time="0.016" classname="ru.telran.sel.pages.HomePageTest"/>
</testsuite> <!-- ru.telran.sel.pages.HomePageTest -->
