<?xml version="1.0" encoding="UTF-8"?>
<!-- Generated by org.testng.reporters.JUnitReportReporter -->
<testsuite hostname="Iakov" name="ru.telran.sel.TestLogin" tests="1" failures="0" timestamp="19 Aug 2014 08:23:11 GMT" time="13.427" errors="0">
  <testcase name="testLogin" time="13.427" classname="ru.telran.sel.TestLogin"/>
</testsuite> <!-- ru.telran.sel.TestLogin -->
