<?xml version="1.0" encoding="UTF-8"?>
<!-- Generated by org.testng.reporters.JUnitReportReporter -->
<testsuite hostname="Iakov" name="ru.telran.sel.LoginTests" tests="4" failures="0" timestamp="31 Aug 2014 09:59:56 GMT" time="9.468" errors="0">
  <testcase name="loginNegTest" time="3.999" classname="ru.telran.sel.LoginTests"/>
  <testcase name="loginNegTest" time="1.761" classname="ru.telran.sel.LoginTests"/>
  <testcase name="loginNegTest" time="1.817" classname="ru.telran.sel.LoginTests"/>
  <testcase name="loginNegTest" time="1.891" classname="ru.telran.sel.LoginTests"/>
</testsuite> <!-- ru.telran.sel.LoginTests -->
